[0m01:02:44.542225 [debug] [MainThread]: Sending event: {'category': 'dbt', 'action': 'invocation', 'label': 'start', 'context': [<snowplow_tracker.self_describing_json.SelfDescribingJson object at 0x0000011C2AA42CC0>, <snowplow_tracker.self_describing_json.SelfDescribingJson object at 0x0000011C2ABD7830>, <snowplow_tracker.self_describing_json.SelfDescribingJson object at 0x0000011C2ABD6F00>]}


============================== 01:02:44.577694 | 092008f1-d32c-4fbd-a8ff-15db879d394f ==============================
[0m01:02:44.577694 [info ] [MainThread]: Running with dbt=1.11.11
[0m01:02:44.579328 [debug] [MainThread]: running dbt with arguments {'version_check': 'True', 'no_print': 'None', 'static_parser': 'True', 'target_path': 'None', 'warn_error_options': 'WarnErrorOptionsV2(error=[], warn=[], silence=[])', 'printer_width': '80', 'write_json': 'True', 'introspect': 'True', 'log_cache_events': 'False', 'empty': 'None', 'cache_selected_only': 'False', 'fail_fast': 'False', 'debug': 'False', 'log_format': 'default', 'partial_parse': 'True', 'send_anonymous_usage_stats': 'True', 'quiet': 'False', 'warn_error': 'None', 'profiles_dir': 'C:\\Users\\Ram\\.dbt', 'indirect_selection': 'eager', 'invocation_command': 'dbt init', 'use_colors': 'True', 'use_experimental_parser': 'False', 'log_path': 'logs'}
[0m01:03:38.816069 [debug] [MainThread]: Starter project path: D:\Github\AWS_DBT_Snowflake\.venv\Lib\site-packages\dbt\include\starter_project
[0m01:03:38.868027 [info ] [MainThread]: 
Your new dbt project "aws_dbt_snowflake_project" was created!

For more information on how to configure the profiles.yml file,
please consult the dbt documentation here:

  https://docs.getdbt.com/docs/configure-your-profile

One more thing:

Need help? Don't hesitate to reach out to us via GitHub issues or on Slack:

  https://community.getdbt.com/

Happy modeling!

[0m01:03:38.868027 [info ] [MainThread]: Setting up your profile.
[0m01:03:45.263815 [debug] [MainThread]: Snowflake adapter: Setting snowflake.connector to ERROR (file logging only)
[0m01:03:45.263815 [debug] [MainThread]: Snowflake adapter: Setting botocore to ERROR (file logging only)
[0m01:03:45.263815 [debug] [MainThread]: Snowflake adapter: Setting boto3 to ERROR (file logging only)
[0m01:07:48.730233 [info ] [MainThread]: Profile aws_dbt_snowflake_project written to C:\Users\Ram\.dbt\profiles.yml using target's profile_template.yml and your supplied values. Run 'dbt debug' to validate the connection.
[0m01:07:48.731196 [debug] [MainThread]: Command `dbt init` succeeded at 01:07:48.731196 after 304.35 seconds
[0m01:07:48.732195 [debug] [MainThread]: Sending event: {'category': 'dbt', 'action': 'invocation', 'label': 'end', 'context': [<snowplow_tracker.self_describing_json.SelfDescribingJson object at 0x0000011C2D0263F0>, <snowplow_tracker.self_describing_json.SelfDescribingJson object at 0x0000011C2AFF05F0>, <snowplow_tracker.self_describing_json.SelfDescribingJson object at 0x0000011C2CF92A50>]}
[0m01:07:48.732195 [debug] [MainThread]: Flushing usage events
[0m01:07:48.990518 [debug] [MainThread]: An error was encountered while trying to flush usage events
[0m01:16:11.197772 [debug] [MainThread]: Sending event: {'category': 'dbt', 'action': 'invocation', 'label': 'start', 'context': [<snowplow_tracker.self_describing_json.SelfDescribingJson object at 0x0000020B0DECE630>, <snowplow_tracker.self_describing_json.SelfDescribingJson object at 0x0000020B0CCFEC90>, <snowplow_tracker.self_describing_json.SelfDescribingJson object at 0x0000020B0D743EF0>]}


============================== 01:16:11.200779 | 97347992-b3cb-4829-ba1e-e3773907cf9d ==============================
[0m01:16:11.200779 [info ] [MainThread]: Running with dbt=1.11.11
[0m01:16:11.201826 [debug] [MainThread]: running dbt with arguments {'static_parser': 'True', 'no_print': 'None', 'version_check': 'True', 'warn_error_options': 'WarnErrorOptionsV2(error=[], warn=[], silence=[])', 'target_path': 'None', 'printer_width': '80', 'write_json': 'True', 'empty': 'None', 'log_cache_events': 'False', 'introspect': 'True', 'cache_selected_only': 'False', 'fail_fast': 'False', 'debug': 'False', 'log_format': 'default', 'partial_parse': 'True', 'send_anonymous_usage_stats': 'True', 'quiet': 'False', 'warn_error': 'None', 'profiles_dir': 'C:\\Users\\Ram\\.dbt', 'invocation_command': 'dbt init', 'indirect_selection': 'eager', 'use_colors': 'True', 'use_experimental_parser': 'False', 'log_path': 'logs'}
[0m01:16:23.853108 [info ] [MainThread]: A project called aws_dbt_snowflake_project already exists here.
[0m01:16:23.855106 [debug] [MainThread]: Command `dbt init` succeeded at 01:16:23.854145 after 12.81 seconds
[0m01:16:23.855106 [debug] [MainThread]: Sending event: {'category': 'dbt', 'action': 'invocation', 'label': 'end', 'context': [<snowplow_tracker.self_describing_json.SelfDescribingJson object at 0x0000020B0CC3EFF0>, <snowplow_tracker.self_describing_json.SelfDescribingJson object at 0x0000020B11C92AB0>, <snowplow_tracker.self_describing_json.SelfDescribingJson object at 0x0000020B11C02990>]}
[0m01:16:23.855106 [debug] [MainThread]: Flushing usage events
[0m01:16:24.095681 [debug] [MainThread]: An error was encountered while trying to flush usage events
[0m01:31:51.550123 [debug] [MainThread]: Sending event: {'category': 'dbt', 'action': 'invocation', 'label': 'start', 'context': [<snowplow_tracker.self_describing_json.SelfDescribingJson object at 0x000001D39B659C40>, <snowplow_tracker.self_describing_json.SelfDescribingJson object at 0x000001D39829EDB0>, <snowplow_tracker.self_describing_json.SelfDescribingJson object at 0x000001D39BABE7E0>]}


============================== 01:31:51.555127 | 3375ab2c-dfcc-4875-94a4-6e82de32de1f ==============================
[0m01:31:51.555127 [info ] [MainThread]: Running with dbt=1.11.11
[0m01:31:51.557230 [debug] [MainThread]: running dbt with arguments {'static_parser': 'True', 'no_print': 'None', 'version_check': 'True', 'warn_error_options': 'WarnErrorOptionsV2(error=[], warn=[], silence=[])', 'target_path': 'None', 'printer_width': '80', 'write_json': 'True', 'introspect': 'True', 'log_cache_events': 'False', 'empty': 'None', 'cache_selected_only': 'False', 'fail_fast': 'False', 'debug': 'False', 'log_format': 'default', 'profiles_dir': 'C:\\Users\\Ram\\.dbt', 'send_anonymous_usage_stats': 'True', 'quiet': 'False', 'warn_error': 'None', 'partial_parse': 'True', 'indirect_selection': 'eager', 'invocation_command': 'dbt debug', 'use_colors': 'True', 'use_experimental_parser': 'False', 'log_path': 'logs'}
[0m01:31:51.586471 [info ] [MainThread]: dbt version: 1.11.11
[0m01:31:51.586471 [info ] [MainThread]: python version: 3.12.13
[0m01:31:51.586471 [info ] [MainThread]: python path: D:\Github\AWS_DBT_Snowflake\.venv\Scripts\python.exe
[0m01:31:51.587469 [info ] [MainThread]: os info: Windows-11-10.0.26200-SP0
[0m01:31:52.000309 [debug] [MainThread]: Snowflake adapter: Setting snowflake.connector to ERROR (file logging only)
[0m01:31:52.000309 [debug] [MainThread]: Snowflake adapter: Setting botocore to ERROR (file logging only)
[0m01:31:52.001338 [debug] [MainThread]: Snowflake adapter: Setting boto3 to ERROR (file logging only)
[0m01:31:52.058413 [info ] [MainThread]: Error importing adapter: No module named 'dbt.adapters.duckdb'
[0m01:31:52.058413 [info ] [MainThread]: Using profiles dir at C:\Users\Ram\.dbt
[0m01:31:52.059416 [info ] [MainThread]: Using profiles.yml file at C:\Users\Ram\.dbt\profiles.yml
[0m01:31:52.059416 [info ] [MainThread]: Using dbt_project.yml file at D:\Github\AWS_DBT_Snowflake\dbt_project.yml
[0m01:31:52.059416 [info ] [MainThread]: Configuration:
[0m01:31:52.061458 [info ] [MainThread]:   profiles.yml file [[31mERROR invalid[0m]
[0m01:31:52.061458 [info ] [MainThread]:   dbt_project.yml file [[31mERROR not found[0m]
[0m01:31:52.061458 [info ] [MainThread]: Required dependencies:
[0m01:31:52.062417 [debug] [MainThread]: Executing "git --help"
[0m01:31:52.096910 [debug] [MainThread]: STDOUT: "b"usage: git [-v | --version] [-h | --help] [-C <path>] [-c <name>=<value>]\n           [--exec-path[=<path>]] [--html-path] [--man-path] [--info-path]\n           [-p | --paginate | -P | --no-pager] [--no-replace-objects] [--no-lazy-fetch]\n           [--no-optional-locks] [--no-advice] [--bare] [--git-dir=<path>]\n           [--work-tree=<path>] [--namespace=<name>] [--config-env=<name>=<envvar>]\n           <command> [<args>]\n\nThese are common Git commands used in various situations:\n\nstart a working area (see also: git help tutorial)\n   clone      Clone a repository into a new directory\n   init       Create an empty Git repository or reinitialize an existing one\n\nwork on the current change (see also: git help everyday)\n   add        Add file contents to the index\n   mv         Move or rename a file, a directory, or a symlink\n   restore    Restore working tree files\n   rm         Remove files from the working tree and from the index\n\nexamine the history and state (see also: git help revisions)\n   bisect     Use binary search to find the commit that introduced a bug\n   diff       Show changes between commits, commit and working tree, etc\n   grep       Print lines matching a pattern\n   log        Show commit logs\n   show       Show various types of objects\n   status     Show the working tree status\n\ngrow, mark and tweak your common history\n   backfill   Download missing objects in a partial clone\n   branch     List, create, or delete branches\n   commit     Record changes to the repository\n   history    EXPERIMENTAL: Rewrite history\n   merge      Join two or more development histories together\n   rebase     Reapply commits on top of another base tip\n   reset      Set `HEAD` or the index to a known state\n   switch     Switch branches\n   tag        Create, list, delete or verify tags\n\ncollaborate (see also: git help workflows)\n   fetch      Download objects and refs from another repository\n   pull       Fetch from and integrate with another repository or a local branch\n   push       Update remote refs along with associated objects\n\n'git help -a' and 'git help -g' list available subcommands and some\nconcept guides. See 'git help <command>' or 'git help <concept>'\nto read about a specific subcommand or concept.\nSee 'git help git' for an overview of the system.\n""
[0m01:31:52.096910 [debug] [MainThread]: STDERR: "b''"
[0m01:31:52.097909 [info ] [MainThread]:  - git [[32mOK found[0m]

[0m01:31:52.097909 [info ] [MainThread]: Connection test skipped since no profile was found
[0m01:31:52.097909 [info ] [MainThread]: [31m2 checks failed:[0m
[0m01:31:52.098909 [info ] [MainThread]: Could not load dbt_project.yml
Profile loading failed for the following reason:
Runtime Error
  Credentials in profile "ecommerce_project", target "dev" invalid: Runtime Error
    Could not find adapter type duckdb!


[0m01:31:52.098909 [info ] [MainThread]: Project loading failed for the following reason:
 project path <D:\Github\AWS_DBT_Snowflake\dbt_project.yml> not found

[0m01:31:52.099910 [debug] [MainThread]: Command `dbt debug` failed at 01:31:52.099910 after 0.68 seconds
[0m01:31:52.099910 [debug] [MainThread]: Sending event: {'category': 'dbt', 'action': 'invocation', 'label': 'end', 'context': [<snowplow_tracker.self_describing_json.SelfDescribingJson object at 0x000001D39DAD6330>, <snowplow_tracker.self_describing_json.SelfDescribingJson object at 0x000001D39DECB440>, <snowplow_tracker.self_describing_json.SelfDescribingJson object at 0x000001D39E04F3E0>]}
[0m01:31:52.099910 [debug] [MainThread]: Flushing usage events
[0m01:31:52.360984 [debug] [MainThread]: An error was encountered while trying to flush usage events
{"data":{"log_version":3,"version":"=2.0.0-preview.190"},"info":{"category":"","code":"A001","extra":{},"invocation_id":"019f10ef-b480-7d62-9f7c-8201ec8e9236","level":"info","msg":"Running with dbt-fusion=2.0.0-preview.190","name":"MainReportVersion","pid":48552,"thread":"tokio-rt-worker","ts":"2026-06-29T01:12:52.651389Z"}}
{"data":{"args":{"debug":"false","invocation_command":"C:\\Users\\Ram\\.local\\bin\\dbt.exe license info --json --log-format json","log_format":"json","quiet":"false","write_json":"true"}},"info":{"category":"","code":"A002","extra":{},"invocation_id":"019f10ef-b480-7d62-9f7c-8201ec8e9236","level":"debug","msg":"running dbt-fusion with arguments {\"command\":\"license\",\"vars\":\"{}\",\"limit\":\"10\",\"debug\":false,\"log_format\":\"json\",\"quiet\":false,\"write_json\":true,\"write_catalog\":false}","name":"MainReportArgs","pid":48552,"thread":"tokio-rt-worker","ts":"2026-06-29T01:12:52.651671Z"}}
{"data":{},"info":{"category":"","code":"","extra":{},"invocation_id":"019f10ef-b480-7d62-9f7c-8201ec8e9236","level":"debug","msg":"No platform credentials found, skipping remote license","name":"Generic","pid":48552,"thread":"tokio-rt-worker","ts":"2026-06-29T01:12:52.692590Z"}}
{"data":{},"info":{"category":"","code":"","extra":{},"invocation_id":"019f10ef-b480-7d62-9f7c-8201ec8e9236","level":"debug","msg":"Requesting trial license from https://cloud.getdbt.com/api/private/trial-licenses/","name":"Generic","pid":48552,"thread":"tokio-rt-worker","ts":"2026-06-29T01:12:53.387252Z"}}
{"data":{},"info":{"category":"","code":"","extra":{},"invocation_id":"019f10ef-b480-7d62-9f7c-8201ec8e9236","level":"debug","msg":"Trial license retrieved","name":"Generic","pid":48552,"thread":"tokio-rt-worker","ts":"2026-06-29T01:12:53.704752Z"}}
{"data":{},"info":{"category":"","code":"","extra":{},"invocation_id":"019f10ef-b480-7d62-9f7c-8201ec8e9236","level":"debug","msg":"License loaded from trial license server","name":"Generic","pid":48552,"thread":"tokio-rt-worker","ts":"2026-06-29T01:12:54.154828Z"}}
{"data":{"columns":[],"is_inline":true,"node_name":"license_info","output_format":"json","preview":"{\n  \"status\": \"valid\",\n  \"licensing_enabled\": true,\n  \"features\": [\n    \"compare\",\n    \"dbt-wizard\",\n    \"strict-static-analysis\"\n  ],\n  \"issued_at\": \"2026-06-29T01:12:51+00:00\",\n  \"expires_at\": \"2026-07-05T07:01:40+00:00\",\n  \"license_type\": \"trial\",\n  \"machine_id\": \"701918ebc93f7add0e42d9a67b67b92987567dd13c2ead5343723b56c976273d\",\n  \"days_remaining\": 6,\n  \"trial_start_date\": \"2026-06-21T07:01:40+00:00\"\n}","unique_id":"license.info"},"info":{"category":"","code":"Q041","extra":{},"invocation_id":"019f10ef-b480-7d62-9f7c-8201ec8e9236","level":"info","msg":"{\n  \"status\": \"valid\",\n  \"licensing_enabled\": true,\n  \"features\": [\n    \"compare\",\n    \"dbt-wizard\",\n    \"strict-static-analysis\"\n  ],\n  \"issued_at\": \"2026-06-29T01:12:51+00:00\",\n  \"expires_at\": \"2026-07-05T07:01:40+00:00\",\n  \"license_type\": \"trial\",\n  \"machine_id\": \"701918ebc93f7add0e42d9a67b67b92987567dd13c2ead5343723b56c976273d\",\n  \"days_remaining\": 6,\n  \"trial_start_date\": \"2026-06-21T07:01:40+00:00\"\n}","name":"ShowNode","pid":48552,"thread":"tokio-rt-worker","ts":"2026-06-29T01:12:54.601221Z"}}
{"data":{"completed_at":"2026-06-29T01:12:54.686535Z","elapsed":2.0422637462615967,"success":true},"info":{"category":"","code":"Q039","extra":{},"invocation_id":"019f10ef-b480-7d62-9f7c-8201ec8e9236","level":"info","msg":"\n==================== Execution Summary =====================\nFinished 'license' successfully [2.0s]","name":"CommandCompleted","pid":48552,"thread":"tokio-rt-worker","ts":"2026-06-29T01:12:54.687752Z"}}
[0m21:05:08.638609 [debug] [MainThread]: Sending event: {'category': 'dbt', 'action': 'invocation', 'label': 'start', 'context': [<snowplow_tracker.self_describing_json.SelfDescribingJson object at 0x000001DE97AC1670>, <snowplow_tracker.self_describing_json.SelfDescribingJson object at 0x000001DE9996B1A0>, <snowplow_tracker.self_describing_json.SelfDescribingJson object at 0x000001DE99F3BF80>]}


============================== 21:05:08.643231 | 902c44bc-92ec-4230-8959-728d7fd23e9f ==============================
[0m21:05:08.643231 [info ] [MainThread]: Running with dbt=1.11.11
[0m21:05:08.643578 [debug] [MainThread]: running dbt with arguments {'static_parser': 'True', 'no_print': 'None', 'version_check': 'True', 'target_path': 'None', 'warn_error_options': 'WarnErrorOptionsV2(error=[], warn=[], silence=[])', 'printer_width': '80', 'write_json': 'True', 'introspect': 'True', 'log_cache_events': 'False', 'empty': 'False', 'cache_selected_only': 'False', 'log_format': 'default', 'debug': 'False', 'fail_fast': 'False', 'partial_parse': 'True', 'send_anonymous_usage_stats': 'True', 'quiet': 'False', 'warn_error': 'None', 'profiles_dir': 'C:\\Users\\Ram\\.dbt', 'indirect_selection': 'eager', 'use_colors': 'True', 'invocation_command': 'dbt run --select models/demo', 'use_experimental_parser': 'False', 'log_path': 'logs'}
[0m21:05:08.644237 [error] [MainThread]: Encountered an error:
Runtime Error
  No dbt_project.yml found at expected path D:\Github\AWS_DBT_Snowflake\dbt_project.yml
  Verify that each entry within packages.yml (and their transitive dependencies) contains a file named dbt_project.yml
  
[0m21:05:08.644237 [debug] [MainThread]: Command `dbt run` failed at 21:05:08.644237 after 0.20 seconds
[0m21:05:08.644237 [debug] [MainThread]: Sending event: {'category': 'dbt', 'action': 'invocation', 'label': 'end', 'context': [<snowplow_tracker.self_describing_json.SelfDescribingJson object at 0x000001DE99B2B5F0>, <snowplow_tracker.self_describing_json.SelfDescribingJson object at 0x000001DE968C6E10>, <snowplow_tracker.self_describing_json.SelfDescribingJson object at 0x000001DE99C5DF40>]}
[0m21:05:08.645743 [debug] [MainThread]: Flushing usage events
[0m21:05:09.015801 [debug] [MainThread]: An error was encountered while trying to flush usage events
[0m21:27:22.200753 [debug] [MainThread]: Sending event: {'category': 'dbt', 'action': 'invocation', 'label': 'start', 'context': [<snowplow_tracker.self_describing_json.SelfDescribingJson object at 0x000001FA704A4BF0>, <snowplow_tracker.self_describing_json.SelfDescribingJson object at 0x000001FA6D9E69C0>, <snowplow_tracker.self_describing_json.SelfDescribingJson object at 0x000001FA70823D70>]}


============================== 21:27:22.205779 | ee988ea1-b4ca-4cc7-bf1e-1926214ee28a ==============================
[0m21:27:22.205779 [info ] [MainThread]: Running with dbt=1.11.11
[0m21:27:22.206779 [debug] [MainThread]: running dbt with arguments {'static_parser': 'True', 'no_print': 'None', 'version_check': 'True', 'target_path': 'None', 'warn_error_options': 'WarnErrorOptionsV2(error=[], warn=[], silence=[])', 'printer_width': '80', 'write_json': 'True', 'empty': 'False', 'log_cache_events': 'False', 'introspect': 'True', 'cache_selected_only': 'False', 'fail_fast': 'False', 'debug': 'False', 'log_format': 'default', 'partial_parse': 'True', 'send_anonymous_usage_stats': 'True', 'quiet': 'False', 'warn_error': 'None', 'profiles_dir': 'C:\\Users\\Ram\\.dbt', 'invocation_command': 'dbt run --select models/demo', 'indirect_selection': 'eager', 'use_colors': 'True', 'use_experimental_parser': 'False', 'log_path': 'logs'}
[0m21:27:22.206779 [error] [MainThread]: Encountered an error:
Runtime Error
  No dbt_project.yml found at expected path D:\Github\AWS_DBT_Snowflake\dbt_project.yml
  Verify that each entry within packages.yml (and their transitive dependencies) contains a file named dbt_project.yml
  
[0m21:27:22.207767 [debug] [MainThread]: Command `dbt run` failed at 21:27:22.207767 after 0.16 seconds
[0m21:27:22.207767 [debug] [MainThread]: Sending event: {'category': 'dbt', 'action': 'invocation', 'label': 'end', 'context': [<snowplow_tracker.self_describing_json.SelfDescribingJson object at 0x000001FA7052B5F0>, <snowplow_tracker.self_describing_json.SelfDescribingJson object at 0x000001FA707F0EC0>, <snowplow_tracker.self_describing_json.SelfDescribingJson object at 0x000001FA709A73E0>]}
[0m21:27:22.207767 [debug] [MainThread]: Flushing usage events
[0m21:27:22.595220 [debug] [MainThread]: An error was encountered while trying to flush usage events
